[debug] [2019-08-17T17:49:30.973Z] ----------------------------------------------------------------------
[debug] [2019-08-17T17:49:30.975Z] Command:       /usr/local/bin/node /usr/local/bin/firebase deploy --only functions
[debug] [2019-08-17T17:49:30.976Z] CLI Version:   7.2.2
[debug] [2019-08-17T17:49:30.976Z] Platform:      darwin
[debug] [2019-08-17T17:49:30.976Z] Node Version:  v10.16.1
[debug] [2019-08-17T17:49:30.977Z] Time:          Sat Aug 17 2019 10:49:30 GMT-0700 (Pacific Daylight Time)
[debug] [2019-08-17T17:49:30.977Z] ----------------------------------------------------------------------
[debug] 
[debug] [2019-08-17T17:49:30.985Z] > command requires scopes: ["email","openid","https://www.googleapis.com/auth/cloudplatformprojects.readonly","https://www.googleapis.com/auth/firebase","https://www.googleapis.com/auth/cloud-platform"]
[debug] [2019-08-17T17:49:30.985Z] > authorizing via signed-in user
[debug] [2019-08-17T17:49:30.985Z] [iam] checking project matrix-1a2f6 for permissions ["cloudfunctions.functions.create","cloudfunctions.functions.delete","cloudfunctions.functions.get","cloudfunctions.functions.list","cloudfunctions.functions.update","cloudfunctions.operations.get","firebase.projects.get"]
[debug] [2019-08-17T17:49:30.987Z] >>> HTTP REQUEST POST https://cloudresourcemanager.googleapis.com/v1/projects/matrix-1a2f6:testIamPermissions  

[debug] [2019-08-17T17:49:31.377Z] <<< HTTP RESPONSE 200
[info] 
[info] === Deploying to 'matrix-1a2f6'...
[info] 
[info] i  deploying functions
[info] Running command: npm --prefix "$RESOURCE_DIR" run lint
[info] ✔  functions: Finished running predeploy script.
[debug] [2019-08-17T17:49:33.792Z] > [functions] package.json contents: {
  "name": "functions",
  "description": "Cloud Functions for Firebase",
  "scripts": {
    "lint": "eslint .",
    "serve": "firebase serve --only functions",
    "shell": "firebase functions:shell",
    "start": "npm run shell",
    "deploy": "firebase deploy --only functions",
    "logs": "firebase functions:log"
  },
  "engines": {
    "node": "8"
  },
  "dependencies": {
    "firebase-admin": "^8.0.0",
    "firebase-functions": "^3.1.0"
  },
  "devDependencies": {
    "eslint": "^5.12.0",
    "eslint-plugin-promise": "^4.0.1",
    "firebase-functions-test": "^0.1.6"
  },
  "private": true
}
[info] i  functions: ensuring necessary APIs are enabled...
[debug] [2019-08-17T17:49:33.794Z] >>> HTTP REQUEST GET https://serviceusage.googleapis.com/v1/projects/matrix-1a2f6/services/cloudfunctions.googleapis.com  
 
[debug] [2019-08-17T17:49:33.795Z] >>> HTTP REQUEST GET https://serviceusage.googleapis.com/v1/projects/matrix-1a2f6/services/runtimeconfig.googleapis.com  
 
[debug] [2019-08-17T17:49:34.196Z] <<< HTTP RESPONSE 200
[debug] [2019-08-17T17:49:34.261Z] <<< HTTP RESPONSE 200
[info] ✔  functions: all necessary APIs are enabled
[debug] [2019-08-17T17:49:34.262Z] >>> HTTP REQUEST GET https://firebase.googleapis.com/v1beta1/projects/matrix-1a2f6/adminSdkConfig  
 
[debug] [2019-08-17T17:49:34.650Z] <<< HTTP RESPONSE 200
[info] i  functions: preparing functions directory for uploading...
[debug] [2019-08-17T17:49:34.653Z] >>> HTTP REQUEST GET https://runtimeconfig.googleapis.com/v1beta1/projects/matrix-1a2f6/configs  
 
[debug] [2019-08-17T17:49:35.357Z] <<< HTTP RESPONSE 200
[info] i  functions: packaged functions (35.45 KB) for uploading
[debug] [2019-08-17T17:49:35.568Z] >>> HTTP REQUEST POST https://cloudfunctions.googleapis.com/v1/projects/matrix-1a2f6/locations/us-central1/functions:generateUploadUrl  
 
